time="2022-11-06T22:31:36+04:00" level=info msg="ENV loaded ! " func="core/internal/cfg.LoadEnv()" file="cfg.go:29"
time="2022-11-06T22:33:03+04:00" level=info msg="ENV loaded ! " func="core/internal/cfg.LoadEnv()" file="cfg.go:29"
time="2022-11-09T23:36:10+04:00" level=info msg="ENV loaded ! " func="core/internal/cfg.LoadEnv()" file="cfg.go:29"
time="2022-11-09T23:38:43+04:00" level=info msg="ENV loaded ! " func="core/internal/cfg.LoadEnv()" file="cfg.go:29"
time="2022-11-09T23:38:48+04:00" level=error msg="Error read Request Body store Гасан жиес have " func="core/internal/delivery/http/store.CreateStore()" file="handlers.go:45"
time="2022-11-09T23:40:24+04:00" level=info msg="ENV loaded ! " func="core/internal/cfg.LoadEnv()" file="cfg.go:29"
time="2022-11-09T23:40:26+04:00" level=error msg="Error read Request Body store Гасан жиес have " func="core/internal/delivery/http/store.CreateStore()" file="handlers.go:45"
time="2022-11-09T23:46:35+04:00" level=info msg="ENV loaded ! " func="core/internal/cfg.LoadEnv()" file="cfg.go:29"
time="2022-11-09T23:53:36+04:00" level=info msg="ENV loaded ! " func="core/internal/cfg.LoadEnv()" file="cfg.go:29"
time="2022-11-09T23:54:01+04:00" level=error msg="Error read Request Body unexpected end of JSON input " func="core/internal/delivery/http/product.CreateProductH()" file="handlers.go:30"
time="2022-11-09T23:56:45+04:00" level=info msg="Created product name Govno store name asd " func="core/internal/service/product.CreateProduct()" file="product.go:15"
time="2022-11-10T00:02:06+04:00" level=info msg="ENV loaded ! " func="core/internal/cfg.LoadEnv()" file="cfg.go:29"
time="2022-11-10T00:02:09+04:00" level=info msg="Created product name Govno store name asd " func="core/internal/service/product.CreateProduct()" file="product.go:18"
time="2022-11-10T00:02:09+04:00" level=error msg="Error read Request Body Error: store asd not found  " func="core/internal/delivery/http/product.CreateProductH()" file="handlers.go:39"
time="2022-11-10T00:02:38+04:00" level=info msg="ENV loaded ! " func="core/internal/cfg.LoadEnv()" file="cfg.go:29"
time="2022-11-10T00:02:39+04:00" level=info msg="Created product name Govno store name asd " func="core/internal/service/product.CreateProduct()" file="product.go:18"
time="2022-11-10T00:02:39+04:00" level=error msg="Error read Request Body Error: store asd not found  " func="core/internal/delivery/http/product.CreateProductH()" file="handlers.go:39"
time="2022-11-10T00:03:49+04:00" level=info msg="Created product name Govno store name Дерьмо " func="core/internal/service/product.CreateProduct()" file="product.go:18"
time="2022-11-10T00:17:31+04:00" level=info msg="ENV loaded ! " func="core/internal/cfg.LoadEnv()" file="cfg.go:29"
time="2022-11-10T00:18:08+04:00" level=error msg="Error read Request Body unexpected end of JSON input " func="core/internal/delivery/http/product.GetProductInStore()" file="handlers.go:67"
time="2022-11-10T00:18:46+04:00" level=error msg="Error read Request Body unexpected end of JSON input " func="core/internal/delivery/http/product.GetProductInStore()" file="handlers.go:67"
time="2022-11-10T00:19:44+04:00" level=info msg="ENV loaded ! " func="core/internal/cfg.LoadEnv()" file="cfg.go:29"
time="2022-11-10T00:19:45+04:00" level=error msg="Error read Request Body unexpected end of JSON input " func="core/internal/delivery/http/product.GetProductInStore()" file="handlers.go:68"
time="2022-11-10T00:19:56+04:00" level=error msg="Error read Request Body unexpected end of JSON input " func="core/internal/delivery/http/product.GetProductInStore()" file="handlers.go:68"
time="2022-11-10T00:21:22+04:00" level=info msg="ENV loaded ! " func="core/internal/cfg.LoadEnv()" file="cfg.go:29"
time="2022-11-10T00:21:24+04:00" level=error msg="Error read Request Body unexpected end of JSON input " func="core/internal/delivery/http/product.GetProductInStore()" file="handlers.go:68"
time="2022-11-10T00:24:07+04:00" level=info msg="ENV loaded ! " func="core/internal/cfg.LoadEnv()" file="cfg.go:29"
time="2022-11-10T00:24:10+04:00" level=error msg="Error read Request Body unexpected end of JSON input " func="core/internal/delivery/http/product.GetProductInStore()" file="handlers.go:68"
time="2022-11-10T00:24:29+04:00" level=error msg="Error read Request Body unexpected end of JSON input " func="core/internal/delivery/http/product.GetProductInStore()" file="handlers.go:68"
time="2022-11-10T00:24:45+04:00" level=error msg="Error read Request Body unexpected end of JSON input " func="core/internal/delivery/http/product.GetProductInStore()" file="handlers.go:68"
time="2022-11-10T00:32:50+04:00" level=info msg="ENV loaded ! " func="core/internal/cfg.LoadEnv()" file="cfg.go:29"
time="2022-11-10T00:33:45+04:00" level=info msg="Created product name Govno store name Дерьмо " func="core/internal/service/product.CreateProduct()" file="product.go:25"
time="2022-11-10T00:33:49+04:00" level=info msg="Created product name Govno store name Дерьмо " func="core/internal/service/product.CreateProduct()" file="product.go:25"
time="2022-11-10T22:25:32+04:00" level=info msg="ENV loaded ! " func="core/internal/cfg.LoadEnv()" file="cfg.go:29"
time="2022-11-11T15:06:26+04:00" level=info msg="ENV loaded ! " func="core/internal/cfg.LoadEnv()" file="cfg.go:29"
time="2022-11-11T20:03:52+04:00" level=info msg="ENV loaded ! " func="core/internal/cfg.LoadEnv()" file="cfg.go:29"
time="2022-11-11T20:11:26+04:00" level=info msg="ENV loaded ! " func="core/internal/cfg.LoadEnv()" file="cfg.go:29"
time="2022-11-11T20:14:56+04:00" level=info msg="ENV loaded ! " func="core/internal/cfg.LoadEnv()" file="cfg.go:29"
time="2022-11-11T20:16:43+04:00" level=info msg="ENV loaded ! " func="core/internal/cfg.LoadEnv()" file="cfg.go:29"
time="2022-11-11T20:17:07+04:00" level=info msg="Created product name Govno store name Дерьмо " func="core/internal/service/product.CreateProduct()" file="product.go:25"
time="2022-11-11T20:17:08+04:00" level=info msg="Created product name Govno store name Дерьмо " func="core/internal/service/product.CreateProduct()" file="product.go:25"
time="2022-11-11T20:17:09+04:00" level=info msg="Created product name Govno store name Дерьмо " func="core/internal/service/product.CreateProduct()" file="product.go:25"
time="2022-11-11T20:17:10+04:00" level=info msg="Created product name Govno store name Дерьмо " func="core/internal/service/product.CreateProduct()" file="product.go:25"
time="2022-11-11T20:20:27+04:00" level=error msg="Error read Request Body ОШИБКА: повторяющееся значение ключа нарушает ограничение уникальности \"user_carts_pkey\" (SQLSTATE 23505) " func="core/internal/delivery/http/cart.AddProductInCart()" file="handlers.go:64"
time="2022-11-11T20:22:30+04:00" level=info msg="ENV loaded ! " func="core/internal/cfg.LoadEnv()" file="cfg.go:29"
time="2022-11-11T20:22:52+04:00" level=info msg="ENV loaded ! " func="core/internal/cfg.LoadEnv()" file="cfg.go:29"
time="2022-11-11T20:31:13+04:00" level=info msg="ENV loaded ! " func="core/internal/cfg.LoadEnv()" file="cfg.go:29"
time="2022-11-11T20:36:59+04:00" level=info msg="ENV loaded ! " func="core/internal/cfg.LoadEnv()" file="cfg.go:29"
time="2022-11-11T20:37:47+04:00" level=info msg="ENV loaded ! " func="core/internal/cfg.LoadEnv()" file="cfg.go:29"
time="2022-11-11T20:39:23+04:00" level=info msg="Created product name Govno store name Дерьмо " func="core/internal/service/product.CreateProduct()" file="product.go:38"
time="2022-11-11T20:39:28+04:00" level=info msg="Created product name Govno store name Дерьмо " func="core/internal/service/product.CreateProduct()" file="product.go:38"
time="2022-11-11T20:39:59+04:00" level=error msg="Error read Request Body store Де have " func="core/internal/delivery/http/store.CreateStore()" file="handlers.go:44"
time="2022-11-11T20:40:05+04:00" level=error msg="Error read Request Body store Де have " func="core/internal/delivery/http/store.CreateStore()" file="handlers.go:44"
time="2022-11-11T20:40:25+04:00" level=info msg="Created product name Govno store name Де " func="core/internal/service/product.CreateProduct()" file="product.go:38"
time="2022-11-11T20:40:46+04:00" level=info msg="Created product name Govnosdsdsdsd store name Де " func="core/internal/service/product.CreateProduct()" file="product.go:38"
time="2022-11-11T20:40:47+04:00" level=info msg="Created product name Govnosdsdsdsd store name Де " func="core/internal/service/product.CreateProduct()" file="product.go:38"
time="2022-11-11T20:40:48+04:00" level=info msg="Created product name Govnosdsdsdsd store name Де " func="core/internal/service/product.CreateProduct()" file="product.go:38"
time="2022-11-11T20:43:51+04:00" level=info msg="ENV loaded ! " func="core/internal/cfg.LoadEnv()" file="cfg.go:29"
time="2022-11-11T21:44:49+04:00" level=error msg="Error load env ! read ../../: The handle is invalid." func="core/internal/cfg.LoadEnv()" file="cfg.go:26"
time="2022-11-11T21:44:49+04:00" level=error msg="Error get PORT" func="core/internal/cfg.InitCfg()" file="cfg.go:37"
time="2022-11-11T21:44:49+04:00" level=error msg="Error get ID" func="core/internal/cfg.InitCfg()" file="cfg.go:42"
time="2022-11-11T21:44:49+04:00" level=error msg="Error get DbName" func="core/internal/cfg.InitCfg()" file="cfg.go:47"
time="2022-11-11T21:44:49+04:00" level=error msg="Error get DBPASSWORD" func="core/internal/cfg.InitCfg()" file="cfg.go:52"
time="2022-11-11T21:44:49+04:00" level=error msg="Error get DBPORT" func="core/internal/cfg.InitCfg()" file="cfg.go:57"
time="2022-11-11T21:44:49+04:00" level=error msg="Error get DBUSER" func="core/internal/cfg.InitCfg()" file="cfg.go:62"
time="2022-11-11T21:45:52+04:00" level=error msg="Error load env ! open ../../envr.env: The system cannot find the file specified." func="core/internal/cfg.LoadEnv()" file="cfg.go:26"
time="2022-11-11T21:45:52+04:00" level=error msg="Error get PORT" func="core/internal/cfg.InitCfg()" file="cfg.go:37"
time="2022-11-11T21:45:52+04:00" level=error msg="Error get ID" func="core/internal/cfg.InitCfg()" file="cfg.go:42"
time="2022-11-11T21:45:52+04:00" level=error msg="Error get DbName" func="core/internal/cfg.InitCfg()" file="cfg.go:47"
time="2022-11-11T21:45:52+04:00" level=error msg="Error get DBPASSWORD" func="core/internal/cfg.InitCfg()" file="cfg.go:52"
time="2022-11-11T21:45:52+04:00" level=error msg="Error get DBPORT" func="core/internal/cfg.InitCfg()" file="cfg.go:57"
time="2022-11-11T21:45:52+04:00" level=error msg="Error get DBUSER" func="core/internal/cfg.InitCfg()" file="cfg.go:62"
time="2022-11-11T21:46:13+04:00" level=error msg="Error load env ! open ../envr.env: The system cannot find the file specified." func="core/internal/cfg.LoadEnv()" file="cfg.go:26"
time="2022-11-11T21:46:13+04:00" level=error msg="Error get PORT" func="core/internal/cfg.InitCfg()" file="cfg.go:37"
time="2022-11-11T21:46:13+04:00" level=error msg="Error get ID" func="core/internal/cfg.InitCfg()" file="cfg.go:42"
time="2022-11-11T21:46:13+04:00" level=error msg="Error get DbName" func="core/internal/cfg.InitCfg()" file="cfg.go:47"
time="2022-11-11T21:46:13+04:00" level=error msg="Error get DBPASSWORD" func="core/internal/cfg.InitCfg()" file="cfg.go:52"
time="2022-11-11T21:46:13+04:00" level=error msg="Error get DBPORT" func="core/internal/cfg.InitCfg()" file="cfg.go:57"
time="2022-11-11T21:46:13+04:00" level=error msg="Error get DBUSER" func="core/internal/cfg.InitCfg()" file="cfg.go:62"
time="2022-11-11T21:46:22+04:00" level=info msg="ENV loaded ! " func="core/internal/cfg.LoadEnv()" file="cfg.go:29"
time="2022-11-11T21:47:26+04:00" level=info msg="ENV loaded ! " func="core/internal/cfg.LoadEnv()" file="cfg.go:29"
time="2022-11-11T21:48:34+04:00" level=info msg="ENV loaded ! " func="core/internal/cfg.LoadEnv()" file="cfg.go:28"
time="2022-11-11T21:48:34+04:00" level=error msg="Error get PORT" func="core/internal/cfg.InitCfg()" file="cfg.go:36"
time="2022-11-11T21:48:34+04:00" level=error msg="Error get ID" func="core/internal/cfg.InitCfg()" file="cfg.go:41"
time="2022-11-11T21:48:34+04:00" level=error msg="Error get DbName" func="core/internal/cfg.InitCfg()" file="cfg.go:46"
time="2022-11-11T21:48:34+04:00" level=error msg="Error get DBPASSWORD" func="core/internal/cfg.InitCfg()" file="cfg.go:51"
time="2022-11-11T21:48:34+04:00" level=error msg="Error get DBPORT" func="core/internal/cfg.InitCfg()" file="cfg.go:56"
time="2022-11-11T21:48:34+04:00" level=error msg="Error get DBUSER" func="core/internal/cfg.InitCfg()" file="cfg.go:61"
time="2022-11-12T18:20:24+04:00" level=info msg="ENV loaded ! " func="core/internal/cfg.LoadEnv()" file="cfg.go:28"
