time="2022-10-28T21:14:01+04:00" level=info msg="ENV loaded ! " func="foodway/internal/cfg.LoadEnv()" file="cfg.go:20"
time="2022-10-28T21:16:45+04:00" level=info msg="ENV loaded ! " func="foodway/internal/cfg.LoadEnv()" file="cfg.go:20"
time="2022-10-28T21:32:56+04:00" level=info msg="ENV loaded ! " func="foodway/internal/cfg.LoadEnv()" file="cfg.go:20"
time="2022-10-28T21:34:52+04:00" level=info msg="ENV loaded ! " func="foodway/internal/cfg.LoadEnv()" file="cfg.go:20"
time="2022-10-28T22:11:55+04:00" level=info msg="ENV loaded ! " func="foodway/internal/cfg.LoadEnv()" file="cfg.go:20"
time="2022-10-28T22:44:33+04:00" level=info msg="ENV loaded ! " func="foodway/internal/cfg.LoadEnv()" file="cfg.go:20"
time="2022-10-28T22:45:40+04:00" level=info msg="ENV loaded ! " func="foodway/internal/cfg.LoadEnv()" file="cfg.go:20"
time="2022-10-28T22:46:24+04:00" level=info msg="ENV loaded ! " func="foodway/internal/cfg.LoadEnv()" file="cfg.go:20"
time="2022-11-01T21:45:59+04:00" level=info msg="ENV loaded ! " func="foodway/internal/cfg.LoadEnv()" file="cfg.go:20"
time="2022-11-01T21:46:42+04:00" level=info msg="Start registration user 8963234 " func="foodway/internal/service.Registration()" file="service.go:30"
time="2022-11-01T21:46:42+04:00" level=error msg="Error Validation user: phone = 8963234. Error: phone: the length must be exactly 11.\n" func="foodway/internal/service.validation()" file="service.go:14"
time="2022-11-01T21:46:42+04:00" level=error msg="Validation user: 8963234 error \n" func="foodway/internal/service.Registration()" file="service.go:35"
time="2022-11-01T21:48:57+04:00" level=info msg="ENV loaded ! " func="foodway/internal/cfg.LoadEnv()" file="cfg.go:20"
time="2022-11-01T21:49:01+04:00" level=info msg="Start registration user 8963234 " func="foodway/internal/service.Registration()" file="service.go:30"
time="2022-11-01T21:49:01+04:00" level=error msg="Error Validation user: phone = 8963234. Error: phone: the length must be exactly 11.\n" func="foodway/internal/service.validation()" file="service.go:14"
time="2022-11-01T21:49:01+04:00" level=error msg="Validation user: 8963234 error \n" func="foodway/internal/service.Registration()" file="service.go:35"
time="2022-11-01T21:49:15+04:00" level=info msg="Start registration user sad " func="foodway/internal/service.Registration()" file="service.go:30"
time="2022-11-01T21:49:15+04:00" level=error msg="Error Validation user: phone = sad. Error: phone: the length must be exactly 11.\n" func="foodway/internal/service.validation()" file="service.go:14"
time="2022-11-01T21:49:15+04:00" level=error msg="Validation user: sad error \n" func="foodway/internal/service.Registration()" file="service.go:35"
time="2022-11-01T21:49:26+04:00" level=info msg="Start registration user jjjjjjjjjjj " func="foodway/internal/service.Registration()" file="service.go:30"
time="2022-11-01T21:49:26+04:00" level=error msg="Error Validation user: phone = jjjjjjjjjjj. Error: phone: must contain digits only.\n" func="foodway/internal/service.validation()" file="service.go:14"
time="2022-11-01T21:49:26+04:00" level=error msg="Validation user: jjjjjjjjjjj error \n" func="foodway/internal/service.Registration()" file="service.go:35"
time="2022-11-01T21:49:32+04:00" level=info msg="Start registration user 89634239857 " func="foodway/internal/service.Registration()" file="service.go:30"
time="2022-11-01T22:02:22+04:00" level=info msg="ENV loaded ! " func="foodway/internal/cfg.LoadEnv()" file="cfg.go:20"
time="2022-11-01T22:02:35+04:00" level=info msg="ENV loaded ! " func="foodway/internal/cfg.LoadEnv()" file="cfg.go:20"
time="2022-11-01T22:02:38+04:00" level=info msg="ENV loaded ! " func="foodway/internal/cfg.LoadEnv()" file="cfg.go:20"
time="2022-11-01T22:02:55+04:00" level=info msg="Start registration user 89634239857 " func="foodway/internal/service.Registration()" file="service.go:31"
time="2022-11-01T22:03:03+04:00" level=info msg="ENV loaded ! " func="foodway/internal/cfg.LoadEnv()" file="cfg.go:20"
time="2022-11-01T22:03:09+04:00" level=info msg="Start registration user 89634239857 " func="foodway/internal/service.Registration()" file="service.go:31"
time="2022-11-01T22:22:20+04:00" level=info msg="ENV loaded ! " func="foodway/internal/cfg.LoadEnv()" file="cfg.go:20"
time="2022-11-01T22:22:46+04:00" level=info msg="ENV loaded ! " func="foodway/internal/cfg.LoadEnv()" file="cfg.go:20"
time="2022-11-01T22:23:16+04:00" level=info msg="Start registration user 89634239857 " func="foodway/internal/service.Registration()" file="service.go:31"
time="2022-11-01T22:23:43+04:00" level=info msg="Start registration user 89634239857 " func="foodway/internal/service.Registration()" file="service.go:31"
time="2022-11-01T22:23:43+04:00" level=error msg="Add user: 89634239857 to data base error \n" func="foodway/internal/service.Registration()" file="service.go:43"
time="2022-11-01T22:23:51+04:00" level=info msg="ENV loaded ! " func="foodway/internal/cfg.LoadEnv()" file="cfg.go:20"
time="2022-11-01T22:24:14+04:00" level=info msg="Start registration user 89634239857 " func="foodway/internal/service.Registration()" file="service.go:31"
time="2022-11-01T22:24:42+04:00" level=info msg="Start registration user 89634239857 " func="foodway/internal/service.Registration()" file="service.go:31"
time="2022-11-02T20:48:56+04:00" level=info msg="ENV loaded ! " func="foodway/internal/cfg.LoadEnv()" file="cfg.go:20"
time="2022-11-02T20:49:02+04:00" level=info msg="Start registration user 89634239857 " func="foodway/internal/service.Registration()" file="service.go:44"
time="2022-11-02T20:49:08+04:00" level=info msg="Start registration user 89634239857 " func="foodway/internal/service.Registration()" file="service.go:44"
time="2022-11-02T20:51:25+04:00" level=info msg="ENV loaded ! " func="foodway/internal/cfg.LoadEnv()" file="cfg.go:20"
time="2022-11-02T20:51:29+04:00" level=info msg="Start registration user 89634239857 " func="foodway/internal/service.Registration()" file="service.go:44"
time="2022-11-02T20:52:19+04:00" level=info msg="ENV loaded ! " func="foodway/internal/cfg.LoadEnv()" file="cfg.go:20"
time="2022-11-02T20:52:22+04:00" level=info msg="Start registration user 89634239857 " func="foodway/internal/service.Registration()" file="service.go:44"
time="2022-11-02T20:53:13+04:00" level=info msg="ENV loaded ! " func="foodway/internal/cfg.LoadEnv()" file="cfg.go:20"
time="2022-11-02T20:53:16+04:00" level=info msg="Start registration user 89634239857 " func="foodway/internal/service.Registration()" file="service.go:45"
time="2022-11-02T21:58:31+04:00" level=info msg="ENV loaded ! " func="foodway/internal/cfg.LoadEnv()" file="cfg.go:20"
time="2022-11-02T21:59:17+04:00" level=info msg="Start registration user 89634239857 " func="foodway/internal/service.Registration()" file="service.go:49"
time="2022-11-02T21:59:22+04:00" level=info msg="Start registration user 89639239857 " func="foodway/internal/service.Registration()" file="service.go:49"
time="2022-11-02T22:01:24+04:00" level=info msg="ENV loaded ! " func="foodway/internal/cfg.LoadEnv()" file="cfg.go:20"
time="2022-11-02T22:02:09+04:00" level=info msg="ENV loaded ! " func="foodway/internal/cfg.LoadEnv()" file="cfg.go:20"
time="2022-11-02T22:02:36+04:00" level=info msg="ENV loaded ! " func="foodway/internal/cfg.LoadEnv()" file="cfg.go:20"
time="2022-11-02T22:05:51+04:00" level=info msg="ENV loaded ! " func="foodway/internal/cfg.LoadEnv()" file="cfg.go:20"
time="2022-11-02T22:06:13+04:00" level=info msg="ENV loaded ! " func="foodway/internal/cfg.LoadEnv()" file="cfg.go:20"
time="2022-11-02T22:06:40+04:00" level=info msg="ENV loaded ! " func="foodway/internal/cfg.LoadEnv()" file="cfg.go:20"
time="2022-11-02T22:07:59+04:00" level=info msg="ENV loaded ! " func="foodway/internal/cfg.LoadEnv()" file="cfg.go:20"
time="2022-11-02T22:11:17+04:00" level=info msg="ENV loaded ! " func="foodway/internal/cfg.LoadEnv()" file="cfg.go:20"
time="2022-11-02T22:33:45+04:00" level=info msg="ENV loaded ! " func="foodway/internal/cfg.LoadEnv()" file="cfg.go:20"
time="2022-11-02T22:34:13+04:00" level=info msg="ENV loaded ! " func="foodway/internal/cfg.LoadEnv()" file="cfg.go:20"
time="2022-11-02T22:34:22+04:00" level=info msg="jwt for user: 3852245947 updated " func="foodway/internal/service.Jwt()" file="service.go:91"
time="2022-11-02T22:34:33+04:00" level=info msg="Jwt - eyJhbGciOiJIUzI1NiIsInR5cCI6IkpXVCJ9.eyJleHAiOjE2Njc0MTQwNjIsImlhdCI6MTY2NzQxNDA2MSwiaWQiOjM4NTIyNDU5NDd9.J07YgnABF47TkJq-34Y10uo7DNTzcAUsZFYB4qIUSh0 " func="foodway/internal/service.Authorization()" file="service.go:112"
time="2022-11-02T22:36:18+04:00" level=info msg="ENV loaded ! " func="foodway/internal/cfg.LoadEnv()" file="cfg.go:20"
time="2022-11-02T22:36:22+04:00" level=info msg="jwt for user: 3852245947 updated " func="foodway/internal/service.Jwt()" file="service.go:91"
time="2022-11-02T22:36:22+04:00" level=info msg="Jwt - eyJhbGciOiJIUzI1NiIsInR5cCI6IkpXVCJ9.eyJleHAiOjE2Njc0MTQxODMsImlhdCI6MTY2NzQxNDE4MiwiaWQiOjM4NTIyNDU5NDd9.u0N0uXeUfpKi5FngNF64syXkZA14cchUTNXiFY8RlPE " func="foodway/internal/service.Authorization()" file="service.go:112"
time="2022-11-02T22:36:45+04:00" level=info msg="jwt for user: 3852245947 updated " func="foodway/internal/service.Jwt()" file="service.go:91"
time="2022-11-02T22:36:45+04:00" level=info msg="Jwt - eyJhbGciOiJIUzI1NiIsInR5cCI6IkpXVCJ9.eyJleHAiOjE2Njc0MTQyMDYsImlhdCI6MTY2NzQxNDIwNSwiaWQiOjM4NTIyNDU5NDd9.i1cbiKKYZX8SuR7V2IpR3pdxfcffSXJMazZlWtD_OzU " func="foodway/internal/service.Authorization()" file="service.go:112"
time="2022-11-02T22:37:03+04:00" level=info msg="jwt for user: 3852245947 updated " func="foodway/internal/service.Jwt()" file="service.go:91"
time="2022-11-02T22:37:03+04:00" level=info msg="Jwt - eyJhbGciOiJIUzI1NiIsInR5cCI6IkpXVCJ9.eyJleHAiOjE2Njc0MTQyMjQsImlhdCI6MTY2NzQxNDIyMywiaWQiOjM4NTIyNDU5NDd9.NwRCA4OUKQR29asaLi94JzgewiMX9UuKohAsZHEfocc " func="foodway/internal/service.Authorization()" file="service.go:112"
time="2022-11-02T22:37:04+04:00" level=info msg="jwt for user: 3852245947 updated " func="foodway/internal/service.Jwt()" file="service.go:91"
time="2022-11-02T22:37:04+04:00" level=info msg="Jwt - eyJhbGciOiJIUzI1NiIsInR5cCI6IkpXVCJ9.eyJleHAiOjE2Njc0MTQyMjUsImlhdCI6MTY2NzQxNDIyNCwiaWQiOjM4NTIyNDU5NDd9.skCofuGTaRiQwqPRVdw0BlKwvFuDTlmF6lbB-_PeOhY " func="foodway/internal/service.Authorization()" file="service.go:112"
time="2022-11-02T22:37:05+04:00" level=info msg="jwt for user: 3852245947 updated " func="foodway/internal/service.Jwt()" file="service.go:91"
time="2022-11-02T22:37:05+04:00" level=info msg="Jwt - eyJhbGciOiJIUzI1NiIsInR5cCI6IkpXVCJ9.eyJleHAiOjE2Njc0MTQyMjYsImlhdCI6MTY2NzQxNDIyNSwiaWQiOjM4NTIyNDU5NDd9.1z6F9N0Hs22y6bycE0FaBL4Og-7tFy4DqNfRfoLJ3LA " func="foodway/internal/service.Authorization()" file="service.go:112"
time="2022-11-02T22:37:08+04:00" level=info msg="jwt for user: 3852245947 updated " func="foodway/internal/service.Jwt()" file="service.go:91"
time="2022-11-02T22:37:08+04:00" level=info msg="Jwt - eyJhbGciOiJIUzI1NiIsInR5cCI6IkpXVCJ9.eyJleHAiOjE2Njc0MTQyMjksImlhdCI6MTY2NzQxNDIyOCwiaWQiOjM4NTIyNDU5NDd9.r9xya60mHWxqTSE4n0HoyHz_0CxuAwS8Ml_yaVZL6Mw " func="foodway/internal/service.Authorization()" file="service.go:112"
time="2022-11-02T22:37:09+04:00" level=info msg="jwt for user: 3852245947 updated " func="foodway/internal/service.Jwt()" file="service.go:91"
time="2022-11-02T22:37:09+04:00" level=info msg="Jwt - eyJhbGciOiJIUzI1NiIsInR5cCI6IkpXVCJ9.eyJleHAiOjE2Njc0MTQyMzAsImlhdCI6MTY2NzQxNDIyOSwiaWQiOjM4NTIyNDU5NDd9.19d7_pmykMHjR7sWwqQaGfZeNqPiCRp6JwmoXf6jA90 " func="foodway/internal/service.Authorization()" file="service.go:112"
time="2022-11-02T22:37:10+04:00" level=info msg="jwt for user: 3852245947 updated " func="foodway/internal/service.Jwt()" file="service.go:91"
time="2022-11-02T22:37:10+04:00" level=info msg="Jwt - eyJhbGciOiJIUzI1NiIsInR5cCI6IkpXVCJ9.eyJleHAiOjE2Njc0MTQyMzEsImlhdCI6MTY2NzQxNDIzMCwiaWQiOjM4NTIyNDU5NDd9.h-DPo8hTO7Mq5AorX6s39ETQH_2OQJQ87n-r9XEddj8 " func="foodway/internal/service.Authorization()" file="service.go:112"
time="2022-11-02T22:38:06+04:00" level=info msg="ENV loaded ! " func="foodway/internal/cfg.LoadEnv()" file="cfg.go:20"
time="2022-11-02T22:40:45+04:00" level=info msg="ENV loaded ! " func="foodway/internal/cfg.LoadEnv()" file="cfg.go:20"
time="2022-11-02T22:41:05+04:00" level=info msg="ENV loaded ! " func="foodway/internal/cfg.LoadEnv()" file="cfg.go:20"
time="2022-11-02T22:41:17+04:00" level=info msg="ENV loaded ! " func="foodway/internal/cfg.LoadEnv()" file="cfg.go:20"
time="2022-11-02T22:41:53+04:00" level=info msg="ENV loaded ! " func="foodway/internal/cfg.LoadEnv()" file="cfg.go:20"
time="2022-11-02T22:42:09+04:00" level=info msg="ENV loaded ! " func="foodway/internal/cfg.LoadEnv()" file="cfg.go:20"
time="2022-11-02T22:42:29+04:00" level=info msg="ENV loaded ! " func="foodway/internal/cfg.LoadEnv()" file="cfg.go:20"
time="2022-11-02T22:42:40+04:00" level=info msg="ENV loaded ! " func="foodway/internal/cfg.LoadEnv()" file="cfg.go:20"
time="2022-11-02T22:49:42+04:00" level=info msg="ENV loaded ! " func="foodway/internal/cfg.LoadEnv()" file="cfg.go:20"
time="2022-11-02T22:50:10+04:00" level=info msg="jwt for user: 3852245947 updated " func="foodway/internal/service.Jwt()" file="service.go:91"
time="2022-11-02T22:50:10+04:00" level=info msg="Jwt - eyJhbGciOiJIUzI1NiIsInR5cCI6IkpXVCJ9.eyJleHAiOjE2Njc0MTg2MTAsImlhdCI6MTY2NzQxNTAxMCwiaWQiOjM4NTIyNDU5NDd9.zcdKX7pP9FcS0yYamxn-MSYRSOWdUviqrgiMA4KKzcc " func="foodway/internal/service.Authorization()" file="service.go:121"
time="2022-11-02T22:50:15+04:00" level=info msg="jwt for user: 3852245947 updated " func="foodway/internal/service.Jwt()" file="service.go:91"
time="2022-11-02T22:50:15+04:00" level=info msg="Jwt - eyJhbGciOiJIUzI1NiIsInR5cCI6IkpXVCJ9.eyJleHAiOjE2Njc0MTg2MTUsImlhdCI6MTY2NzQxNTAxNSwiaWQiOjM4NTIyNDU5NDd9.ke0pT2t-g7Vi8odEpdf5g5_gFTmaHRDzVxpP9xZve5Q " func="foodway/internal/service.Authorization()" file="service.go:121"
time="2022-11-02T22:50:17+04:00" level=info msg="jwt for user: 3852245947 updated " func="foodway/internal/service.Jwt()" file="service.go:91"
time="2022-11-02T22:50:17+04:00" level=info msg="Jwt - eyJhbGciOiJIUzI1NiIsInR5cCI6IkpXVCJ9.eyJleHAiOjE2Njc0MTg2MTcsImlhdCI6MTY2NzQxNTAxNywiaWQiOjM4NTIyNDU5NDd9.YkpWTrjBFMoD0USEgknNl-LFMgNDIj4pxU0eDa5m2Hk " func="foodway/internal/service.Authorization()" file="service.go:121"
time="2022-11-02T22:50:18+04:00" level=info msg="jwt for user: 3852245947 updated " func="foodway/internal/service.Jwt()" file="service.go:91"
time="2022-11-02T22:50:18+04:00" level=info msg="Jwt - eyJhbGciOiJIUzI1NiIsInR5cCI6IkpXVCJ9.eyJleHAiOjE2Njc0MTg2MTgsImlhdCI6MTY2NzQxNTAxOCwiaWQiOjM4NTIyNDU5NDd9.DtYnwGB-00baJ81Yrgd5XjIZp6MHrzZggy9z2Dfd2-U " func="foodway/internal/service.Authorization()" file="service.go:121"
time="2022-11-02T22:50:57+04:00" level=info msg="ENV loaded ! " func="foodway/internal/cfg.LoadEnv()" file="cfg.go:20"
time="2022-11-02T22:51:25+04:00" level=info msg="ENV loaded ! " func="foodway/internal/cfg.LoadEnv()" file="cfg.go:20"
time="2022-11-02T22:51:28+04:00" level=info msg="jwt for user: 3852245947 updated " func="foodway/internal/service.Jwt()" file="service.go:91"
time="2022-11-02T22:51:28+04:00" level=info msg="Jwt - eyJhbGciOiJIUzI1NiIsInR5cCI6IkpXVCJ9.eyJleHAiOjE2Njc0MTg2ODgsImlhdCI6MTY2NzQxNTA4OCwiaWQiOjM4NTIyNDU5NDd9.xjPi_WsTA7u2GIz3TaR3aw1fHOtTNwulKzQT_6k7PwQ " func="foodway/internal/service.Authorization()" file="service.go:121"
time="2022-11-02T22:51:35+04:00" level=info msg="Jwt - eyJhbGciOiJIUzI1NiIsInR5cCI6IkpXVCJ9.eyJleHAiOjE2Njc0MTg2ODgsImlhdCI6MTY2NzQxNTA4OCwiaWQiOjM4NTIyNDU5NDd9.xjPi_WsTA7u2GIz3TaR3aw1fHOtTNwulKzQT_6k7PwQ " func="foodway/internal/service.Authorization()" file="service.go:121"
time="2022-11-02T22:51:36+04:00" level=info msg="Jwt - eyJhbGciOiJIUzI1NiIsInR5cCI6IkpXVCJ9.eyJleHAiOjE2Njc0MTg2ODgsImlhdCI6MTY2NzQxNTA4OCwiaWQiOjM4NTIyNDU5NDd9.xjPi_WsTA7u2GIz3TaR3aw1fHOtTNwulKzQT_6k7PwQ " func="foodway/internal/service.Authorization()" file="service.go:121"
time="2022-11-02T22:51:37+04:00" level=info msg="Jwt - eyJhbGciOiJIUzI1NiIsInR5cCI6IkpXVCJ9.eyJleHAiOjE2Njc0MTg2ODgsImlhdCI6MTY2NzQxNTA4OCwiaWQiOjM4NTIyNDU5NDd9.xjPi_WsTA7u2GIz3TaR3aw1fHOtTNwulKzQT_6k7PwQ " func="foodway/internal/service.Authorization()" file="service.go:121"
time="2022-11-02T22:51:37+04:00" level=info msg="Jwt - eyJhbGciOiJIUzI1NiIsInR5cCI6IkpXVCJ9.eyJleHAiOjE2Njc0MTg2ODgsImlhdCI6MTY2NzQxNTA4OCwiaWQiOjM4NTIyNDU5NDd9.xjPi_WsTA7u2GIz3TaR3aw1fHOtTNwulKzQT_6k7PwQ " func="foodway/internal/service.Authorization()" file="service.go:121"
time="2022-11-02T22:51:38+04:00" level=info msg="Jwt - eyJhbGciOiJIUzI1NiIsInR5cCI6IkpXVCJ9.eyJleHAiOjE2Njc0MTg2ODgsImlhdCI6MTY2NzQxNTA4OCwiaWQiOjM4NTIyNDU5NDd9.xjPi_WsTA7u2GIz3TaR3aw1fHOtTNwulKzQT_6k7PwQ " func="foodway/internal/service.Authorization()" file="service.go:121"
time="2022-11-02T22:51:44+04:00" level=info msg="Jwt - eyJhbGciOiJIUzI1NiIsInR5cCI6IkpXVCJ9.eyJleHAiOjE2Njc0MTg2ODgsImlhdCI6MTY2NzQxNTA4OCwiaWQiOjM4NTIyNDU5NDd9.xjPi_WsTA7u2GIz3TaR3aw1fHOtTNwulKzQT_6k7PwQ " func="foodway/internal/service.Authorization()" file="service.go:121"
time="2022-11-02T22:51:44+04:00" level=info msg="Jwt - eyJhbGciOiJIUzI1NiIsInR5cCI6IkpXVCJ9.eyJleHAiOjE2Njc0MTg2ODgsImlhdCI6MTY2NzQxNTA4OCwiaWQiOjM4NTIyNDU5NDd9.xjPi_WsTA7u2GIz3TaR3aw1fHOtTNwulKzQT_6k7PwQ " func="foodway/internal/service.Authorization()" file="service.go:121"
time="2022-11-02T22:51:46+04:00" level=info msg="Jwt - eyJhbGciOiJIUzI1NiIsInR5cCI6IkpXVCJ9.eyJleHAiOjE2Njc0MTg2ODgsImlhdCI6MTY2NzQxNTA4OCwiaWQiOjM4NTIyNDU5NDd9.xjPi_WsTA7u2GIz3TaR3aw1fHOtTNwulKzQT_6k7PwQ " func="foodway/internal/service.Authorization()" file="service.go:121"
time="2022-11-02T22:51:50+04:00" level=info msg="Jwt - eyJhbGciOiJIUzI1NiIsInR5cCI6IkpXVCJ9.eyJleHAiOjE2Njc0MTg2ODgsImlhdCI6MTY2NzQxNTA4OCwiaWQiOjM4NTIyNDU5NDd9.xjPi_WsTA7u2GIz3TaR3aw1fHOtTNwulKzQT_6k7PwQ " func="foodway/internal/service.Authorization()" file="service.go:121"
time="2022-11-02T22:51:51+04:00" level=info msg="Jwt - eyJhbGciOiJIUzI1NiIsInR5cCI6IkpXVCJ9.eyJleHAiOjE2Njc0MTg2ODgsImlhdCI6MTY2NzQxNTA4OCwiaWQiOjM4NTIyNDU5NDd9.xjPi_WsTA7u2GIz3TaR3aw1fHOtTNwulKzQT_6k7PwQ " func="foodway/internal/service.Authorization()" file="service.go:121"
time="2022-11-02T22:51:51+04:00" level=info msg="Jwt - eyJhbGciOiJIUzI1NiIsInR5cCI6IkpXVCJ9.eyJleHAiOjE2Njc0MTg2ODgsImlhdCI6MTY2NzQxNTA4OCwiaWQiOjM4NTIyNDU5NDd9.xjPi_WsTA7u2GIz3TaR3aw1fHOtTNwulKzQT_6k7PwQ " func="foodway/internal/service.Authorization()" file="service.go:121"
time="2022-11-02T22:51:52+04:00" level=info msg="Jwt - eyJhbGciOiJIUzI1NiIsInR5cCI6IkpXVCJ9.eyJleHAiOjE2Njc0MTg2ODgsImlhdCI6MTY2NzQxNTA4OCwiaWQiOjM4NTIyNDU5NDd9.xjPi_WsTA7u2GIz3TaR3aw1fHOtTNwulKzQT_6k7PwQ " func="foodway/internal/service.Authorization()" file="service.go:121"
time="2022-11-02T22:51:52+04:00" level=info msg="Jwt - eyJhbGciOiJIUzI1NiIsInR5cCI6IkpXVCJ9.eyJleHAiOjE2Njc0MTg2ODgsImlhdCI6MTY2NzQxNTA4OCwiaWQiOjM4NTIyNDU5NDd9.xjPi_WsTA7u2GIz3TaR3aw1fHOtTNwulKzQT_6k7PwQ " func="foodway/internal/service.Authorization()" file="service.go:121"
time="2022-11-02T22:51:53+04:00" level=info msg="Jwt - eyJhbGciOiJIUzI1NiIsInR5cCI6IkpXVCJ9.eyJleHAiOjE2Njc0MTg2ODgsImlhdCI6MTY2NzQxNTA4OCwiaWQiOjM4NTIyNDU5NDd9.xjPi_WsTA7u2GIz3TaR3aw1fHOtTNwulKzQT_6k7PwQ " func="foodway/internal/service.Authorization()" file="service.go:121"
time="2022-11-02T22:51:53+04:00" level=info msg="Jwt - eyJhbGciOiJIUzI1NiIsInR5cCI6IkpXVCJ9.eyJleHAiOjE2Njc0MTg2ODgsImlhdCI6MTY2NzQxNTA4OCwiaWQiOjM4NTIyNDU5NDd9.xjPi_WsTA7u2GIz3TaR3aw1fHOtTNwulKzQT_6k7PwQ " func="foodway/internal/service.Authorization()" file="service.go:121"
time="2022-11-02T22:51:54+04:00" level=info msg="Jwt - eyJhbGciOiJIUzI1NiIsInR5cCI6IkpXVCJ9.eyJleHAiOjE2Njc0MTg2ODgsImlhdCI6MTY2NzQxNTA4OCwiaWQiOjM4NTIyNDU5NDd9.xjPi_WsTA7u2GIz3TaR3aw1fHOtTNwulKzQT_6k7PwQ " func="foodway/internal/service.Authorization()" file="service.go:121"
time="2022-11-02T22:51:55+04:00" level=info msg="Jwt - eyJhbGciOiJIUzI1NiIsInR5cCI6IkpXVCJ9.eyJleHAiOjE2Njc0MTg2ODgsImlhdCI6MTY2NzQxNTA4OCwiaWQiOjM4NTIyNDU5NDd9.xjPi_WsTA7u2GIz3TaR3aw1fHOtTNwulKzQT_6k7PwQ " func="foodway/internal/service.Authorization()" file="service.go:121"
time="2022-11-02T22:51:56+04:00" level=info msg="Jwt - eyJhbGciOiJIUzI1NiIsInR5cCI6IkpXVCJ9.eyJleHAiOjE2Njc0MTg2ODgsImlhdCI6MTY2NzQxNTA4OCwiaWQiOjM4NTIyNDU5NDd9.xjPi_WsTA7u2GIz3TaR3aw1fHOtTNwulKzQT_6k7PwQ " func="foodway/internal/service.Authorization()" file="service.go:121"
time="2022-11-02T22:53:02+04:00" level=info msg="ENV loaded ! " func="foodway/internal/cfg.LoadEnv()" file="cfg.go:20"
time="2022-11-02T22:53:15+04:00" level=info msg="ENV loaded ! " func="foodway/internal/cfg.LoadEnv()" file="cfg.go:20"
time="2022-11-05T21:33:47+04:00" level=info msg="ENV loaded ! " func="foodway/internal/cfg.LoadEnv()" file="cfg.go:20"
time="2022-11-05T21:34:07+04:00" level=info msg="jwt for user: 3852245947 updated " func="foodway/internal/service.Jwt()" file="service.go:91"
time="2022-11-05T21:34:07+04:00" level=info msg="Jwt - eyJhbGciOiJIUzI1NiIsInR5cCI6IkpXVCJ9.eyJleHAiOjE2Njc2NzMyNDcsImlhdCI6MTY2NzY2OTY0NywiaWQiOjM4NTIyNDU5NDd9.14KljT_XSVCxGPg5nVqptowemkh2C0lOuz7gvARxtok " func="foodway/internal/service.Authorization()" file="service.go:121"
time="2022-11-05T21:34:25+04:00" level=info msg="Start registration user 89639239857 " func="foodway/internal/service.Registration()" file="service.go:48"
time="2022-11-05T21:34:30+04:00" level=info msg="Start registration user 89639239851 " func="foodway/internal/service.Registration()" file="service.go:48"
time="2022-11-05T21:56:57+04:00" level=info msg="ENV loaded ! " func="foodway/internal/cfg.LoadEnv()" file="cfg.go:20"
